# JRE version: OpenJDK Runtime Environment Corretto-21.0.3.9.1 (21.0.3+9) (build 21.0.3+9-LTS)
# Java VM: OpenJDK 64-Bit Server VM Corretto-21.0.3.9.1 (21.0.3+9-LTS, mixed mode, emulated-client, sharing, tiered, compressed oops, compressed class ptrs, g1 gc, windows-amd64)
GC Precious Log:
 CardTable entry size: 512
 Card Set container configuration: InlinePtr #cards 5 size 8 Array Of Cards #cards 12 size 40 Howl #buckets 4 coarsen threshold 1843 Howl Bitmap #cards 512 size 80 coarsen threshold 460 Card regions per heap region 1 cards per card region 2048
 CPUs: 4 total, 4 available
 Memory: 7991M
 Large Page Support: Disabled
 NUMA Support: Disabled
 Compressed Oops: Enabled (32-bit)
 Heap Region Size: 1M
 Heap Min Capacity: 8M
 Heap Initial Capacity: 126M
 Heap Max Capacity: 1998M
 Pre-touch: Disabled
 Parallel Workers: 4
 Concurrent Workers: 1
 Concurrent Refinement Workers: 4
 Periodic GC: Disabled
Heap:
 garbage-first heap   total 137216K, used 117377K [0x0000000083200000, 0x0000000100000000)
  region size 1024K, 68 young (69632K), 7 survivors (7168K)
 Metaspace       used 73762K, committed 74496K, reserved 1114112K
  class space    used 10371K, committed 10688K, reserved 1048576K
GC Heap History (20 events):
Event: 1.500 GC heap before
{Heap before GC invocations=3 (full 0):
 garbage-first heap   total 129024K, used 48829K [0x0000000083200000, 0x0000000100000000)
  region size 1024K, 20 young (20480K), 2 survivors (2048K)
 Metaspace       used 9358K, committed 9664K, reserved 1114112K
  class space    used 1174K, committed 1344K, reserved 1048576K
}
Event: 1.505 GC heap after
{Heap after GC invocations=4 (full 0):
 garbage-first heap   total 129024K, used 34312K [0x0000000083200000, 0x0000000100000000)
  region size 1024K, 3 young (3072K), 3 survivors (3072K)
 Metaspace       used 9358K, committed 9664K, reserved 1114112K
  class space    used 1174K, committed 1344K, reserved 1048576K
}
Event: 2.303 GC heap before
{Heap before GC invocations=4 (full 0):
 garbage-first heap   total 129024K, used 83464K [0x0000000083200000, 0x0000000100000000)
  region size 1024K, 52 young (53248K), 3 survivors (3072K)
 Metaspace       used 20760K, committed 21056K, reserved 1114112K
  class space    used 2698K, committed 2816K, reserved 1048576K
}
Event: 2.312 GC heap after
{Heap after GC invocations=5 (full 0):
 garbage-first heap   total 129024K, used 38672K [0x0000000083200000, 0x0000000100000000)
  region size 1024K, 7 young (7168K), 7 survivors (7168K)
 Metaspace       used 20760K, committed 21056K, reserved 1114112K
  class space    used 2698K, committed 2816K, reserved 1048576K
}
Event: 2.345 GC heap before
{Heap before GC invocations=5 (full 0):
 garbage-first heap   total 129024K, used 39696K [0x0000000083200000, 0x0000000100000000)
  region size 1024K, 10 young (10240K), 7 survivors (7168K)
 Metaspace       used 21185K, committed 21504K, reserved 1114112K
  class space    used 2729K, committed 2880K, reserved 1048576K
}
Event: 2.355 GC heap after
{Heap after GC invocations=6 (full 0):
 garbage-first heap   total 155648K, used 39654K [0x0000000083200000, 0x0000000100000000)
  region size 1024K, 1 young (1024K), 1 survivors (1024K)
 Metaspace       used 21185K, committed 21504K, reserved 1114112K
  class space    used 2729K, committed 2880K, reserved 1048576K
}
Event: 4.148 GC heap before
{Heap before GC invocations=7 (full 0):
 garbage-first heap   total 137216K, used 120550K [0x0000000083200000, 0x0000000100000000)
  region size 1024K, 80 young (81920K), 1 survivors (1024K)
 Metaspace       used 31881K, committed 32384K, reserved 1114112K
  class space    used 4402K, committed 4608K, reserved 1048576K
}
Event: 4.159 GC heap after
{Heap after GC invocations=8 (full 0):
 garbage-first heap   total 137216K, used 45514K [0x0000000083200000, 0x0000000100000000)
  region size 1024K, 7 young (7168K), 7 survivors (7168K)
 Metaspace       used 31881K, committed 32384K, reserved 1114112K
  class space    used 4402K, committed 4608K, reserved 1048576K
}
Event: 4.706 GC heap before
{Heap before GC invocations=8 (full 0):
 garbage-first heap   total 137216K, used 76234K [0x0000000083200000, 0x0000000100000000)
  region size 1024K, 38 young (38912K), 7 survivors (7168K)
 Metaspace       used 35391K, committed 35968K, reserved 1114112K
  class space    used 4850K, committed 5120K, reserved 1048576K
}
Event: 4.715 GC heap after
{Heap after GC invocations=9 (full 0):
 garbage-first heap   total 137216K, used 47066K [0x0000000083200000, 0x0000000100000000)
  region size 1024K, 2 young (2048K), 2 survivors (2048K)
 Metaspace       used 35391K, committed 35968K, reserved 1114112K
  class space    used 4850K, committed 5120K, reserved 1048576K
}
Event: 4.740 GC heap before
{Heap before GC invocations=9 (full 0):
 garbage-first heap   total 137216K, used 48090K [0x0000000083200000, 0x0000000100000000)
  region size 1024K, 4 young (4096K), 2 survivors (2048K)
 Metaspace       used 35741K, committed 36288K, reserved 1114112K
  class space    used 4885K, committed 5120K, reserved 1048576K
}
Event: 4.742 GC heap after
{Heap after GC invocations=10 (full 0):
 garbage-first heap   total 137216K, used 47066K [0x0000000083200000, 0x0000000100000000)
  region size 1024K, 2 young (2048K), 2 survivors (2048K)
 Metaspace       used 35741K, committed 36288K, reserved 1114112K
  class space    used 4885K, committed 5120K, reserved 1048576K
}
Event: 6.363 GC heap before
{Heap before GC invocations=11 (full 0):
 garbage-first heap   total 137216K, used 116698K [0x0000000083200000, 0x0000000100000000)
  region size 1024K, 71 young (72704K), 2 survivors (2048K)
 Metaspace       used 54162K, committed 54720K, reserved 1114112K
  class space    used 7678K, committed 7936K, reserved 1048576K
}
Event: 6.370 GC heap after
{Heap after GC invocations=12 (full 0):
 garbage-first heap   total 137216K, used 50946K [0x0000000083200000, 0x0000000100000000)
  region size 1024K, 6 young (6144K), 6 survivors (6144K)
 Metaspace       used 54162K, committed 54720K, reserved 1114112K
  class space    used 7678K, committed 7936K, reserved 1048576K
}
Event: 7.007 GC heap before
{Heap before GC invocations=12 (full 0):
 garbage-first heap   total 137216K, used 84738K [0x0000000083200000, 0x0000000100000000)
  region size 1024K, 40 young (40960K), 6 survivors (6144K)
 Metaspace       used 60494K, committed 61056K, reserved 1114112K
  class space    used 8579K, committed 8832K, reserved 1048576K
}
Event: 7.016 GC heap after
{Heap after GC invocations=13 (full 0):
 garbage-first heap   total 137216K, used 53197K [0x0000000083200000, 0x0000000100000000)
  region size 1024K, 7 young (7168K), 7 survivors (7168K)
 Metaspace       used 60494K, committed 61056K, reserved 1114112K
  class space    used 8579K, committed 8832K, reserved 1048576K
}
Event: 7.041 GC heap before
{Heap before GC invocations=13 (full 0):
 garbage-first heap   total 137216K, used 54221K [0x0000000083200000, 0x0000000100000000)
  region size 1024K, 9 young (9216K), 7 survivors (7168K)
 Metaspace       used 60742K, committed 61376K, reserved 1114112K
  class space    used 8613K, committed 8896K, reserved 1048576K
}
Event: 7.048 GC heap after
{Heap after GC invocations=14 (full 0):
 garbage-first heap   total 137216K, used 53248K [0x0000000083200000, 0x0000000100000000)
  region size 1024K, 3 young (3072K), 3 survivors (3072K)
 Metaspace       used 60742K, committed 61376K, reserved 1114112K
  class space    used 8613K, committed 8896K, reserved 1048576K
}
Event: 8.226 GC heap before
{Heap before GC invocations=15 (full 0):
 garbage-first heap   total 137216K, used 120832K [0x0000000083200000, 0x0000000100000000)
  region size 1024K, 69 young (70656K), 3 survivors (3072K)
 Metaspace       used 68251K, committed 68992K, reserved 1114112K
  class space    used 9677K, committed 10048K, reserved 1048576K
}
Event: 8.237 GC heap after
{Heap after GC invocations=16 (full 0):
 garbage-first heap   total 137216K, used 56961K [0x0000000083200000, 0x0000000100000000)
  region size 1024K, 7 young (7168K), 7 survivors (7168K)
 Metaspace       used 68251K, committed 68992K, reserved 1114112K
  class space    used 9677K, committed 10048K, reserved 1048576K
}

